2022-04-22 09:29:44,266 - instabot version: 0.117.0 (bot) - INFO - Instabot version: 0.117.0 Started
2022-04-22 09:29:44,266 - instabot version: 0.117.0 (bot) - DEBUG - Bot imported from C:\Users\AS\mysite\lib\site-packages\instabot\bot\bot.py
2022-04-22 09:29:44,268 - instabot version: 0.117.0 (api_login) - INFO - Not yet logged in starting: PRE-LOGIN FLOW!
2022-04-22 09:29:44,619 - instabot version: 0.117.0 (api) - DEBUG - POST to endpoint: accounts/get_prefill_candidates/ returned response: <Response [200]>
2022-04-22 09:29:44,978 - instabot version: 0.117.0 (api) - DEBUG - POST to endpoint: qe/sync/ returned response: <Response [200]>
2022-04-22 09:29:45,341 - instabot version: 0.117.0 (api) - DEBUG - POST to endpoint: launcher/sync/ returned response: <Response [200]>
2022-04-22 09:29:45,677 - instabot version: 0.117.0 (api) - DEBUG - POST to endpoint: accounts/contact_point_prefill/ returned response: <Response [200]>
2022-04-22 09:29:47,341 - instabot version: 0.117.0 (api) - DEBUG - POST to endpoint: accounts/login/ returned response: <Response [200]>
2022-04-22 09:29:47,342 - instabot version: 0.117.0 (api) - INFO - Logged-in successfully as 'the_tips_the'!
2022-04-22 09:29:47,343 - instabot version: 0.117.0 (api_login) - INFO - LOGIN FLOW! Just logged-in: True
2022-04-22 09:29:47,716 - instabot version: 0.117.0 (api) - DEBUG - POST to endpoint: qe/sync/ returned response: <Response [400]>
2022-04-22 09:29:47,717 - instabot version: 0.117.0 (api) - DEBUG - Responsecode indicates error; response content: b'{"message":"checkpoint_required","checkpoint_url":"https://i.instagram.com/privacy/checks/?privacy_flow=1\\u0026next=instagram://checkpoint/dismiss","lock":false,"flow_render_type":0,"status":"fail"}'
2022-04-22 09:29:47,718 - instabot version: 0.117.0 (api) - ERROR - Request returns 400 error!
2022-04-22 09:29:47,719 - instabot version: 0.117.0 (api) - INFO - Instagram's error message: checkpoint_required
2022-04-22 09:29:47,723 - instabot version: 0.117.0 (api) - INFO - Instagram's error message: {}
2022-04-22 09:29:48,096 - instabot version: 0.117.0 (api) - DEBUG - POST to endpoint: launcher/sync/ returned response: <Response [200]>
2022-04-22 09:29:48,440 - instabot version: 0.117.0 (api) - DEBUG - GET to endpoint: zr/token/result/?device_id=android-d07d5048b054ef51&token_hash=&custom_device_id=android-d07d5048b054ef51&fetch_reason=token_expired returned response: <Response [200]>
2022-04-22 09:29:48,787 - instabot version: 0.117.0 (api) - DEBUG - GET to endpoint: multiple_accounts/get_account_family/ returned response: <Response [200]>
2022-04-22 09:29:49,162 - instabot version: 0.117.0 (api) - DEBUG - POST to endpoint: qe/sync/ returned response: <Response [200]>
2022-04-22 09:29:49,887 - instabot version: 0.117.0 (api) - DEBUG - GET to endpoint: igtv/browse_feed/?prefetch=1 returned response: <Response [200]>
2022-04-22 09:29:50,237 - instabot version: 0.117.0 (api) - DEBUG - POST to endpoint: creatives/ar_class/ returned response: <Response [200]>
2022-04-22 09:29:50,585 - instabot version: 0.117.0 (api) - DEBUG - POST to endpoint: feed/reels_tray/ returned response: <Response [400]>
2022-04-22 09:29:50,585 - instabot version: 0.117.0 (api) - DEBUG - Responsecode indicates error; response content: b'{"message":"checkpoint_required","checkpoint_url":"https://i.instagram.com/privacy/checks/?privacy_flow=1\\u0026next=instagram://checkpoint/dismiss","lock":false,"flow_render_type":0,"status":"fail"}'
2022-04-22 09:29:50,586 - instabot version: 0.117.0 (api) - ERROR - Request returns 400 error!
2022-04-22 09:29:50,586 - instabot version: 0.117.0 (api) - INFO - Instagram's error message: checkpoint_required
2022-04-22 09:29:50,589 - instabot version: 0.117.0 (api) - INFO - Instagram's error message: {}
2022-04-22 09:29:51,856 - instabot version: 0.117.0 (api) - DEBUG - POST to endpoint: feed/timeline/ returned response: <Response [200]>
2022-04-22 09:29:52,191 - instabot version: 0.117.0 (api) - DEBUG - GET to endpoint: media/blocked/ returned response: <Response [200]>
2022-04-22 09:29:52,866 - instabot version: 0.117.0 (api) - DEBUG - GET to endpoint: news/inbox/ returned response: <Response [200]>
2022-04-22 09:29:53,228 - instabot version: 0.117.0 (api) - DEBUG - GET to endpoint: loom/fetch_config/ returned response: <Response [200]>
2022-04-22 09:29:53,672 - instabot version: 0.117.0 (api) - DEBUG - GET to endpoint: scores/bootstrap/users/?surfaces=["autocomplete_user_list","coefficient_besties_list_ranking","coefficient_rank_recipient_user_suggestion","coefficient_ios_section_test_bootstrap_ranking","coefficient_direct_recipients_ranking_variant_2"] returned response: <Response [200]>
2022-04-22 09:29:54,021 - instabot version: 0.117.0 (api) - DEBUG - GET to endpoint: business/eligibility/get_monetization_products_eligibility_data/?product_types=branded_content returned response: <Response [200]>
2022-04-22 09:29:54,358 - instabot version: 0.117.0 (api) - DEBUG - GET to endpoint: business/branded_content/should_require_professional_account/ returned response: <Response [200]>
2022-04-22 09:29:54,855 - instabot version: 0.117.0 (api) - DEBUG - GET to endpoint: linked_accounts/get_linkage_status/ returned response: <Response [200]>
2022-04-22 09:29:55,234 - instabot version: 0.117.0 (api) - DEBUG - GET to endpoint: locations/request_country/ returned response: <Response [400]>
2022-04-22 09:29:55,235 - instabot version: 0.117.0 (api) - DEBUG - Responsecode indicates error; response content: b'{"message":"checkpoint_required","checkpoint_url":"https://i.instagram.com/privacy/checks/?privacy_flow=1\\u0026next=instagram://checkpoint/dismiss","lock":false,"flow_render_type":0,"status":"fail"}'
2022-04-22 09:29:55,235 - instabot version: 0.117.0 (api) - ERROR - Request returns 400 error!
2022-04-22 09:29:55,235 - instabot version: 0.117.0 (api) - INFO - Instagram's error message: checkpoint_required
2022-04-22 09:29:55,238 - instabot version: 0.117.0 (api) - INFO - Instagram's error message: {}
2022-04-22 09:29:55,578 - instabot version: 0.117.0 (api) - DEBUG - GET to endpoint: qp/get_cooldowns/?signed_body=signed_body=4b9c516a5410a3bc128e09c6104a7f042146b9c2023870560c63a43a7f66781c.4&ig_sig_key_version=4&ig_sig_key_version=4 returned response: <Response [200]>
2022-04-22 09:29:56,028 - instabot version: 0.117.0 (api) - DEBUG - GET to endpoint: users/arlink_download_info/?version_override=2.2.1 returned response: <Response [200]>
2022-04-22 09:29:56,507 - instabot version: 0.117.0 (api) - DEBUG - GET to endpoint: users/53090330003/info/ returned response: <Response [200]>
2022-04-22 09:29:56,873 - instabot version: 0.117.0 (api) - DEBUG - GET to endpoint: direct_v2/get_presence/ returned response: <Response [400]>
2022-04-22 09:29:56,873 - instabot version: 0.117.0 (api) - DEBUG - Responsecode indicates error; response content: b'{"message":"checkpoint_required","checkpoint_url":"https://i.instagram.com/privacy/checks/?privacy_flow=1\\u0026next=instagram://checkpoint/dismiss","lock":false,"flow_render_type":0,"status":"fail"}'
2022-04-22 09:29:56,873 - instabot version: 0.117.0 (api) - ERROR - Request returns 400 error!
2022-04-22 09:29:56,874 - instabot version: 0.117.0 (api) - INFO - Instagram's error message: checkpoint_required
2022-04-22 09:29:56,878 - instabot version: 0.117.0 (api) - INFO - Instagram's error message: {}
2022-04-22 09:29:57,288 - instabot version: 0.117.0 (api) - DEBUG - GET to endpoint: direct_v2/inbox/?visual_message_return_type=unseen&thread_message_limit=10&persistentBadging=true&limit=20 returned response: <Response [200]>
2022-04-22 09:29:57,633 - instabot version: 0.117.0 (api) - DEBUG - GET to endpoint: direct_v2/inbox/?visual_message_return_type=unseen&persistentBadging=true&limit=0 returned response: <Response [200]>
2022-04-22 09:29:57,987 - instabot version: 0.117.0 (api) - DEBUG - GET to endpoint: discover/topical_explore/?is_prefetch=true&omit_cover_media=true&use_sectional_payload=true&timezone_offset=0&session_id=13b5e548-57f1-48d4-8770-a0596daa5a5e&include_fixed_destinations=true returned response: <Response [400]>
2022-04-22 09:29:57,988 - instabot version: 0.117.0 (api) - DEBUG - Responsecode indicates error; response content: b'{"message":"checkpoint_required","checkpoint_url":"https://i.instagram.com/privacy/checks/?privacy_flow=1\\u0026next=instagram://checkpoint/dismiss","lock":false,"flow_render_type":0,"status":"fail"}'
2022-04-22 09:29:57,988 - instabot version: 0.117.0 (api) - ERROR - Request returns 400 error!
2022-04-22 09:29:57,988 - instabot version: 0.117.0 (api) - INFO - Instagram's error message: checkpoint_required
2022-04-22 09:29:57,990 - instabot version: 0.117.0 (api) - INFO - Instagram's error message: {}
2022-04-22 09:29:58,378 - instabot version: 0.117.0 (api) - DEBUG - POST to endpoint: notifications/badge/ returned response: <Response [200]>
2022-04-22 09:29:58,849 - instabot version: 0.117.0 (api) - DEBUG - POST to endpoint: qp/batch_fetch/ returned response: <Response [200]>
2022-04-22 09:29:58,853 - instabot version: 0.117.0 (bot_checkpoint) - DEBUG - Loading Checkpoint file from: C:\Users\AS\projects\insta_bot/config/the_tips_the.checkpoint
2022-04-22 09:30:20,281 - instabot version: 0.117.0 (api) - DEBUG - POST to endpoint: media/configure/? returned response: <Response [200]>
2022-04-22 09:30:20,625 - instabot version: 0.117.0 (api) - DEBUG - POST to endpoint: qe/expose/ returned response: <Response [200]>
2022-04-22 09:30:20,651 - instabot version: 0.117.0 (bot_checkpoint) - DEBUG - Saving Checkpoint file to: C:\Users\AS\projects\insta_bot/config/the_tips_the.checkpoint
2022-04-22 09:30:20,653 - instabot version: 0.117.0 (bot) - INFO - Total requests: 48
