2022-04-20 23:34:28,663 - instabot version: 0.117.0 (bot) - INFO - Instabot version: 0.117.0 Started
2022-04-20 23:34:28,663 - instabot version: 0.117.0 (bot) - DEBUG - Bot imported from C:\Users\AS\mysite\lib\site-packages\instabot\bot\bot.py
2022-04-20 23:34:28,706 - instabot version: 0.117.0 (api_login) - INFO - Not yet logged in starting: PRE-LOGIN FLOW!
2022-04-20 23:34:29,163 - instabot version: 0.117.0 (api) - DEBUG - POST to endpoint: accounts/get_prefill_candidates/ returned response: <Response [200]>
2022-04-20 23:34:29,563 - instabot version: 0.117.0 (api) - DEBUG - POST to endpoint: qe/sync/ returned response: <Response [200]>
2022-04-20 23:34:29,932 - instabot version: 0.117.0 (api) - DEBUG - POST to endpoint: launcher/sync/ returned response: <Response [200]>
2022-04-20 23:34:30,264 - instabot version: 0.117.0 (api) - DEBUG - POST to endpoint: accounts/contact_point_prefill/ returned response: <Response [200]>
2022-04-20 23:34:31,932 - instabot version: 0.117.0 (api) - DEBUG - POST to endpoint: accounts/login/ returned response: <Response [200]>
2022-04-20 23:34:31,963 - instabot version: 0.117.0 (api) - INFO - Logged-in successfully as 'the_tips_the'!
2022-04-20 23:34:31,963 - instabot version: 0.117.0 (api_login) - INFO - LOGIN FLOW! Just logged-in: True
2022-04-20 23:34:32,413 - instabot version: 0.117.0 (api) - DEBUG - POST to endpoint: qe/sync/ returned response: <Response [200]>
2022-04-20 23:34:32,763 - instabot version: 0.117.0 (api) - DEBUG - POST to endpoint: launcher/sync/ returned response: <Response [400]>
2022-04-20 23:34:32,763 - instabot version: 0.117.0 (api) - DEBUG - Responsecode indicates error; response content: b'{"message":"checkpoint_required","checkpoint_url":"https://i.instagram.com/privacy/checks/?privacy_flow=1\\u0026next=instagram://checkpoint/dismiss","lock":false,"flow_render_type":0,"status":"fail"}'
2022-04-20 23:34:32,763 - instabot version: 0.117.0 (api) - ERROR - Request returns 400 error!
2022-04-20 23:34:32,763 - instabot version: 0.117.0 (api) - INFO - Instagram's error message: checkpoint_required
2022-04-20 23:34:32,763 - instabot version: 0.117.0 (api) - INFO - Instagram's error message: {}
2022-04-20 23:34:33,079 - instabot version: 0.117.0 (api) - DEBUG - GET to endpoint: zr/token/result/?device_id=android-d07d5048b054ef51&token_hash=&custom_device_id=android-d07d5048b054ef51&fetch_reason=token_expired returned response: <Response [200]>
2022-04-20 23:34:33,430 - instabot version: 0.117.0 (api) - DEBUG - GET to endpoint: multiple_accounts/get_account_family/ returned response: <Response [200]>
2022-04-20 23:34:33,804 - instabot version: 0.117.0 (api) - DEBUG - POST to endpoint: qe/sync/ returned response: <Response [200]>
2022-04-20 23:34:34,515 - instabot version: 0.117.0 (api) - DEBUG - GET to endpoint: igtv/browse_feed/?prefetch=1 returned response: <Response [200]>
2022-04-20 23:34:34,912 - instabot version: 0.117.0 (api) - DEBUG - POST to endpoint: creatives/ar_class/ returned response: <Response [200]>
2022-04-20 23:34:35,264 - instabot version: 0.117.0 (api) - DEBUG - POST to endpoint: feed/reels_tray/ returned response: <Response [400]>
2022-04-20 23:34:35,264 - instabot version: 0.117.0 (api) - DEBUG - Responsecode indicates error; response content: b'{"message":"checkpoint_required","checkpoint_url":"https://i.instagram.com/privacy/checks/?privacy_flow=1\\u0026next=instagram://checkpoint/dismiss","lock":false,"flow_render_type":0,"status":"fail"}'
2022-04-20 23:34:35,264 - instabot version: 0.117.0 (api) - ERROR - Request returns 400 error!
2022-04-20 23:34:35,264 - instabot version: 0.117.0 (api) - INFO - Instagram's error message: checkpoint_required
2022-04-20 23:34:35,279 - instabot version: 0.117.0 (api) - INFO - Instagram's error message: {}
2022-04-20 23:34:46,279 - instabot version: 0.117.0 (api) - DEBUG - POST to endpoint: feed/timeline/ returned response: <Response [400]>
2022-04-20 23:34:46,279 - instabot version: 0.117.0 (api) - DEBUG - Responsecode indicates error; response content: b'{"message":"checkpoint_required","checkpoint_url":"https://i.instagram.com/privacy/checks/?privacy_flow=1\\u0026next=instagram://checkpoint/dismiss","lock":false,"flow_render_type":0,"status":"fail"}'
2022-04-20 23:34:46,279 - instabot version: 0.117.0 (api) - ERROR - Request returns 400 error!
2022-04-20 23:34:46,279 - instabot version: 0.117.0 (api) - INFO - Instagram's error message: checkpoint_required
2022-04-20 23:34:46,295 - instabot version: 0.117.0 (api) - INFO - Instagram's error message: {}
2022-04-20 23:34:46,679 - instabot version: 0.117.0 (api) - DEBUG - GET to endpoint: media/blocked/ returned response: <Response [400]>
2022-04-20 23:34:46,679 - instabot version: 0.117.0 (api) - DEBUG - Responsecode indicates error; response content: b'{"message":"checkpoint_required","checkpoint_url":"https://i.instagram.com/privacy/checks/?privacy_flow=1\\u0026next=instagram://checkpoint/dismiss","lock":false,"flow_render_type":0,"status":"fail"}'
2022-04-20 23:34:46,679 - instabot version: 0.117.0 (api) - ERROR - Request returns 400 error!
2022-04-20 23:34:46,679 - instabot version: 0.117.0 (api) - INFO - Instagram's error message: checkpoint_required
2022-04-20 23:34:46,694 - instabot version: 0.117.0 (api) - INFO - Instagram's error message: {}
2022-04-20 23:34:47,405 - instabot version: 0.117.0 (api) - DEBUG - GET to endpoint: news/inbox/ returned response: <Response [200]>
2022-04-20 23:34:47,747 - instabot version: 0.117.0 (api) - DEBUG - GET to endpoint: loom/fetch_config/ returned response: <Response [200]>
2022-04-20 23:34:48,201 - instabot version: 0.117.0 (api) - DEBUG - GET to endpoint: scores/bootstrap/users/?surfaces=["autocomplete_user_list","coefficient_besties_list_ranking","coefficient_rank_recipient_user_suggestion","coefficient_ios_section_test_bootstrap_ranking","coefficient_direct_recipients_ranking_variant_2"] returned response: <Response [200]>
2022-04-20 23:34:48,531 - instabot version: 0.117.0 (api) - DEBUG - GET to endpoint: business/eligibility/get_monetization_products_eligibility_data/?product_types=branded_content returned response: <Response [200]>
2022-04-20 23:34:48,878 - instabot version: 0.117.0 (api) - DEBUG - GET to endpoint: business/branded_content/should_require_professional_account/ returned response: <Response [200]>
2022-04-20 23:34:49,500 - instabot version: 0.117.0 (api) - DEBUG - GET to endpoint: linked_accounts/get_linkage_status/ returned response: <Response [200]>
2022-04-20 23:34:49,832 - instabot version: 0.117.0 (api) - DEBUG - GET to endpoint: locations/request_country/ returned response: <Response [400]>
2022-04-20 23:34:49,832 - instabot version: 0.117.0 (api) - DEBUG - Responsecode indicates error; response content: b'{"message":"checkpoint_required","checkpoint_url":"https://i.instagram.com/privacy/checks/?privacy_flow=1\\u0026next=instagram://checkpoint/dismiss","lock":false,"flow_render_type":0,"status":"fail"}'
2022-04-20 23:34:49,832 - instabot version: 0.117.0 (api) - ERROR - Request returns 400 error!
2022-04-20 23:34:49,832 - instabot version: 0.117.0 (api) - INFO - Instagram's error message: checkpoint_required
2022-04-20 23:34:49,847 - instabot version: 0.117.0 (api) - INFO - Instagram's error message: {}
