2022-04-22 19:32:51,852 - instabot version: 0.117.0 (bot) - INFO - Instabot version: 0.117.0 Started
2022-04-22 19:32:51,852 - instabot version: 0.117.0 (bot) - DEBUG - Bot imported from C:\Users\AS\mysite\lib\site-packages\instabot\bot\bot.py
2022-04-22 19:32:51,852 - instabot version: 0.117.0 (api_login) - INFO - Not yet logged in starting: PRE-LOGIN FLOW!
2022-04-22 19:32:52,289 - instabot version: 0.117.0 (api) - DEBUG - POST to endpoint: accounts/get_prefill_candidates/ returned response: <Response [429]>
2022-04-22 19:32:52,289 - instabot version: 0.117.0 (api) - DEBUG - Responsecode indicates error; response content: b'{"message":"Please wait a few minutes before you try again.","status":"fail"}'
2022-04-22 19:32:52,289 - instabot version: 0.117.0 (api) - ERROR - Request returns 429 error!
2022-04-22 19:32:52,305 - instabot version: 0.117.0 (api) - WARNING - That means 'too many requests'. I'll go to sleep for 5 minutes.
2022-04-22 19:37:52,983 - instabot version: 0.117.0 (api) - DEBUG - POST to endpoint: accounts/get_prefill_candidates/ returned response: <Response [429]>
2022-04-22 19:37:52,983 - instabot version: 0.117.0 (api) - DEBUG - Responsecode indicates error; response content: b'{"message":"Please wait a few minutes before you try again.","status":"fail"}'
2022-04-22 19:37:52,983 - instabot version: 0.117.0 (api) - ERROR - Request returns 429 error!
2022-04-22 19:37:52,996 - instabot version: 0.117.0 (api) - WARNING - That means 'too many requests'. I'll go to sleep for 10 minutes.
2022-04-22 19:47:53,360 - instabot version: 0.117.0 (api) - DEBUG - POST to endpoint: accounts/get_prefill_candidates/ returned response: <Response [429]>
2022-04-22 19:47:53,360 - instabot version: 0.117.0 (api) - DEBUG - Responsecode indicates error; response content: b'{"message":"Please wait a few minutes before you try again.","status":"fail"}'
2022-04-22 19:47:53,360 - instabot version: 0.117.0 (api) - ERROR - Request returns 429 error!
2022-04-22 19:47:53,440 - instabot version: 0.117.0 (api) - WARNING - That means 'too many requests'. I'll go to sleep for 15 minutes.
2022-04-22 20:02:53,763 - instabot version: 0.117.0 (api) - DEBUG - POST to endpoint: accounts/get_prefill_candidates/ returned response: <Response [429]>
2022-04-22 20:02:53,763 - instabot version: 0.117.0 (api) - DEBUG - Responsecode indicates error; response content: b'{"message":"Please wait a few minutes before you try again.","status":"fail"}'
2022-04-22 20:02:53,763 - instabot version: 0.117.0 (api) - ERROR - Request returns 429 error!
2022-04-22 20:02:54,786 - instabot version: 0.117.0 (api) - ERROR - Since we hit 15 minutes of time outs, we have to restart. Removing session and cookies. Please relogin.
2022-04-22 20:02:54,958 - instabot version: 0.117.0 (bot_checkpoint) - DEBUG - Saving Checkpoint file to: C:\Users\AS\projects\insta_bot/config/the_tips_the.checkpoint
2022-04-22 20:02:54,958 - instabot version: 0.117.0 (bot) - INFO - Total requests: 50
2022-04-22 20:02:54,973 - instabot version: 0.117.0 (bot_checkpoint) - DEBUG - Saving Checkpoint file to: C:\Users\AS\projects\insta_bot/config/the_tips_the.checkpoint
2022-04-22 20:02:54,973 - instabot version: 0.117.0 (bot) - INFO - Total requests: 50
